<?xml version="1.0" encoding="UTF-8"?>
<testsuite name="com.ui.serenity.screenplay.features.datadriven.NavigationRunnerDataDriven" time="25.707" tests="2" errors="0" skipped="0" failures="0">
  <properties>
[...]
</properties>
  <testcase name="shouldBeAbleToNavigateToTheDataDrivenProducts[0]" classname="com.ui.serenity.screenplay.features.datadriven.NavigationRunnerDataDriven" time="15.829"/>
  <testcase name="shouldBeAbleToNavigateToTheDataDrivenProducts[1]" classname="com.ui.serenity.screenplay.features.datadriven.NavigationRunnerDataDriven" time="9.878"/>
</testsuite>