<?xml version="1.0" encoding="UTF-8"?><testsuite errors="0" failures="0" name="com.ui.serenity.screenplay.features.jira_integration.JiraTestRunner" skipped="0" tests="4" time="5.08" timestamp="2019-03-21 08:13:22"><testcase classname="com.ui.serenity.screenplay.features.jira_integration.JiraTestRunner" name="Test case for some issue #BP-64  "/><testcase classname="com.ui.serenity.screenplay.features.jira_integration.JiraTestRunner" name="Should execute this test last"/><testcase classname="com.ui.serenity.screenplay.features.jira_integration.JiraTestRunner" name="Tests important bugs : #BP-64,#IS-84"/><testcase classname="com.ui.serenity.screenplay.features.jira_integration.JiraTestRunner" name="Should execute this test three"/></testsuite>