<?xml version="1.0" encoding="UTF-8"?><testsuite errors="0" failures="0" name="com.ui.serenity.screenplay.features.navigation.NavigationRunner" skipped="0" tests="2" time="26.84" timestamp="2019-03-20 08:14:23"><testcase classname="com.ui.serenity.screenplay.features.navigation.NavigationRunner" name="Should be able to navigate to the fashion products"/><testcase classname="com.ui.serenity.screenplay.features.navigation.NavigationRunner" name="Should be able to navigate to the motors products"/></testsuite>