<?xml version="1.0" encoding="UTF-8"?><testsuite errors="0" failures="0" name="com.ui.serenity.screenplay.features.navigation.NavigationRunner" skipped="0" tests="2" time="39.1" timestamp="2019-03-19 09:44:52"><testcase classname="com.ui.serenity.screenplay.features.navigation.NavigationRunner" name="Should be able to navigate to the fashion products"/><testcase classname="com.ui.serenity.screenplay.features.navigation.NavigationRunner" name="Should be able to navigate to the motors products"/></testsuite>